<?xml version="1.0" encoding="UTF-8"?>
<!-- Generated by org.testng.reporters.JUnitXMLReporter -->
<testsuite ignored="0" hostname="VN-TanTranDinh2" failures="1" tests="3" name="Run on CHROME" time="12.531" errors="0" timestamp="04 Aug 2023 10:55:24 GMT">
  <testcase classname="com.nopcommerce.user.TC_01_Lv18_Manage_Test_Data_I" name="TC_01_Register_Account" time="4.233"/>
  <testcase classname="com.nopcommerce.user.TC_01_Lv18_Manage_Test_Data_I" name="TC_02_Login_Page" time="2.218"/>
  <testcase classname="com.nopcommerce.user.TC_01_Lv18_Manage_Test_Data_I" name="TC_03_Verify_Data" time="0.074">
    <failure type="java.lang.AssertionError" message="expected [Timothy1] but found [Timothy]">
      <![CDATA[java.lang.AssertionError: expected [Timothy1] but found [Timothy]
at com.nopcommerce.user.TC_01_Lv18_Manage_Test_Data_I.TC_03_Verify_Data(TC_01_Lv18_Manage_Test_Data_I.java:118)
... Removed 31 stack frames]]>
    </failure>
  </testcase> <!-- TC_03_Verify_Data -->
</testsuite> <!-- Run on CHROME -->
