<?xml version="1.0" encoding="UTF-8"?>
<!-- Generated by org.testng.reporters.JUnitXMLReporter -->
<testsuite ignored="0" hostname="TanTran-QC" failures="0" tests="3" name="Run on CHROME" time="0.336" errors="0" timestamp="30 Nov 2023 09:04:11 GMT">
  <testcase classname="com.nopcommerce.user.TC_01_Lv19_Multiple_Enviroment" name="@BeforeClass beforeClass" time="0.0">
    <failure type="org.testng.TestNGException" message="
Parameter &amp;apos;environment&amp;apos; is required by BeforeClass on method beforeClass but has not been marked @Optional or defined
in D:\TanProMax\6 - Automation\maven-hyrbid-framework\src\test\resources\runMultipleEnvironment.xml">
      <![CDATA[org.testng.TestNGException: 
Parameter 'environment' is required by BeforeClass on method beforeClass but has not been marked @Optional or defined
in D:\TanProMax\6 - Automation\maven-hyrbid-framework\src\test\resources\runMultipleEnvironment.xml
... Removed 23 stack frames]]>
    </failure>
  </testcase> <!-- @BeforeClass beforeClass -->
  <testcase classname="com.nopcommerce.user.TC_01_Lv19_Multiple_Enviroment" name="@AfterClass afterClass" time="0.003">
    <failure type="java.lang.NullPointerException">
      <![CDATA[java.lang.NullPointerException
at java.base/java.lang.Runtime.exec(Runtime.java:406)
at java.base/java.lang.Runtime.exec(Runtime.java:310)
at commons.BaseTest.closeBrowserDriver(BaseTest.java:422)
at com.nopcommerce.user.TC_01_Lv19_Multiple_Enviroment.afterClass(TC_01_Lv19_Multiple_Enviroment.java:147)
... Removed 26 stack frames]]>
    </failure>
  </testcase> <!-- @AfterClass afterClass -->
  <testcase classname="com.nopcommerce.user.TC_01_Lv19_Multiple_Enviroment" name="TC_01_Register_Account" time="0.0">
    <skipped/>
  </testcase> <!-- TC_01_Register_Account -->
  <testcase classname="com.nopcommerce.user.TC_01_Lv19_Multiple_Enviroment" name="TC_02_Login_Page" time="0.0">
    <skipped/>
  </testcase> <!-- TC_02_Login_Page -->
  <testcase classname="com.nopcommerce.user.TC_01_Lv19_Multiple_Enviroment" name="TC_03_Verify_Data" time="0.0">
    <skipped/>
  </testcase> <!-- TC_03_Verify_Data -->
</testsuite> <!-- Run on CHROME -->
